2024-10-07 01:09:44,184 - mylogger - INFO - staring the service
2024-10-07 01:10:08,146 - mylogger - INFO - staring the service
2024-10-07 01:10:08,146 - mylogger - INFO - ending the service
2024-10-07 01:15:31,917 - mylogger - INFO - staring the service
2024-10-07 01:15:31,917 - mylogger - INFO - ending the service
2024-10-07 14:30:15,055 - mylogger - INFO - stated executing the main ...
2024-10-07 14:30:58,885 - mylogger - INFO - stated executing the main ...
2024-10-07 14:30:59,013 - mylogger - INFO - ending the service
2024-10-07 14:31:58,707 - mylogger - INFO - stated executing the main ...
2024-10-07 14:31:58,735 - mylogger - INFO - ending the service
2024-10-07 14:32:07,153 - mylogger - INFO - stated executing the main ...
2024-10-07 14:32:07,188 - mylogger - INFO - ending the service
2024-10-07 15:28:09,850 - mylogger - INFO - stated executing the main ...
2024-10-07 15:28:09,890 - mylogger - INFO - ending the service
2024-10-07 15:28:57,134 - mylogger - INFO - stated executing the main ...
2024-10-07 15:28:57,194 - mylogger - INFO - ending the service
2024-10-07 15:30:07,588 - mylogger - INFO - stated executing the main ...
2024-10-07 15:30:07,609 - mylogger - INFO - ending the service
2024-10-08 00:16:46,466 - mylogger - INFO - stated executing the main ...
2024-10-08 00:16:46,642 - mylogger - INFO - ending the service
2024-10-08 00:48:05,353 - mylogger - INFO - stated executing the main ...
2024-10-08 00:48:05,449 - mylogger - INFO - ending the service
2024-10-08 15:05:04,858 - mylogger - INFO - stated executing the main ...
2024-10-08 15:05:04,980 - mylogger - INFO - ending the service
2024-10-08 15:14:03,127 - mylogger - INFO - stated executing the main ...
2024-10-08 15:14:56,307 - mylogger - INFO - stated executing the main ...
2024-10-08 15:15:04,769 - mylogger - INFO - ending the service
2024-10-08 15:25:04,271 - mylogger - INFO - stated executing the main ...
2024-10-08 15:25:05,057 - mylogger - INFO - ending the service
2024-10-08 23:37:12,261 - mylogger - INFO - stated executing the main ...
2024-10-08 23:37:12,521 - mylogger - INFO - ending the service
2024-10-08 23:39:26,748 - mylogger - INFO - stated executing the main ...
2024-10-08 23:39:28,095 - mylogger - INFO - ending the service
2024-10-08 23:43:02,781 - mylogger - INFO - stated executing the main ...
2024-10-08 23:43:03,442 - mylogger - INFO - ending the service
2024-10-09 00:05:08,799 - mylogger - INFO - stated executing the main ...
2024-10-09 00:05:09,589 - mylogger - INFO - ending the service
2024-10-09 00:06:37,068 - mylogger - INFO - stated executing the main ...
2024-10-09 00:06:37,649 - mylogger - INFO - ending the service
2024-10-09 00:08:19,263 - mylogger - INFO - stated executing the main ...
2024-10-09 00:08:20,164 - mylogger - INFO - ending the service
2024-10-09 00:10:34,559 - mylogger - INFO - stated executing the main ...
2024-10-09 00:10:35,586 - mylogger - INFO - ending the service
2024-10-09 00:12:06,864 - mylogger - INFO - stated executing the main ...
2024-10-09 00:12:07,897 - mylogger - INFO - ending the service
2024-10-09 00:14:04,547 - mylogger - INFO - stated executing the main ...
2024-10-09 00:14:05,559 - mylogger - INFO - ending the service
2024-10-09 00:17:13,656 - mylogger - INFO - stated executing the main ...
2024-10-09 00:17:16,192 - mylogger - INFO - ending the service
2024-10-10 00:13:11,429 - mylogger - INFO - stated executing the main ...
2024-10-10 00:13:11,587 - mylogger - INFO - ending the service
2024-10-10 00:13:46,021 - mylogger - INFO - stated executing the main ...
2024-10-10 00:13:46,062 - mylogger - INFO - ending the service
2024-10-10 00:16:14,435 - mylogger - INFO - stated executing the main ...
2024-10-10 00:16:25,528 - mylogger - INFO - ending the service
2024-10-10 00:18:05,277 - mylogger - INFO - stated executing the main ...
2024-10-10 00:18:15,270 - mylogger - INFO - ending the service
2024-10-11 01:46:11,116 - mylogger - INFO - stated executing the main ...
2024-10-11 01:46:14,173 - mylogger - INFO - ending the service
2024-10-11 01:46:20,924 - mylogger - INFO - stated executing the main ...
2024-10-11 01:46:23,093 - mylogger - INFO - ending the service
2024-10-11 01:46:28,166 - mylogger - INFO - stated executing the main ...
2024-10-11 01:46:30,438 - mylogger - INFO - ending the service
2024-10-18 00:30:38,200 - mylogger - INFO - stated executing the main ...
2024-10-18 00:32:13,367 - mylogger - INFO - stated executing the main ...
2024-10-18 00:32:37,939 - mylogger - INFO - stated executing the main ...
2024-10-18 00:33:20,486 - mylogger - INFO - stated executing the main ...
2024-12-27 23:36:19,652 - mylogger - INFO - Started executing the main ...
2024-12-27 23:39:59,563 - mylogger - INFO - Started executing the main ...
2024-12-27 23:40:15,021 - mylogger - INFO - Started executing the main ...
2024-12-27 23:43:26,577 - mylogger - INFO - Started executing the main ...
2024-12-27 23:43:28,005 - mylogger - INFO - All messages produced to Kafka.
2024-12-30 21:02:50,249 - mylogger - INFO - Started executing the consumer ...
2024-12-30 21:09:23,210 - mylogger - INFO - Started executing the consumer ...
2024-12-30 21:10:00,511 - mylogger - INFO - Started executing the consumer ...
2024-12-30 21:15:09,466 - mylogger - INFO - Started executing the main ...
2024-12-30 21:15:09,530 - mylogger - INFO - All messages produced to Kafka.
2024-12-30 21:15:25,742 - mylogger - INFO - Started executing the main ...
2024-12-30 21:15:25,792 - mylogger - INFO - All messages produced to Kafka.
2024-12-30 21:17:02,068 - mylogger - INFO - Started executing the main ...
2024-12-30 21:17:02,114 - mylogger - INFO - All messages produced to Kafka.
2024-12-30 21:17:04,592 - mylogger - INFO - Started executing the main ...
2024-12-30 21:17:04,610 - mylogger - INFO - All messages produced to Kafka.
2024-12-30 21:18:31,206 - mylogger - INFO - Started executing the main ...
2024-12-30 22:40:14,381 - mylogger - INFO - Started executing the main ...
2024-12-30 22:40:14,617 - mylogger - INFO - Consumed message: abc
2024-12-30 22:40:14,670 - mylogger - INFO - All messages produced to Kafka.
2024-12-30 22:40:38,880 - mylogger - INFO - Started executing the main ...
2024-12-30 22:40:38,918 - mylogger - INFO - Consumed message: abc
2024-12-30 22:40:38,929 - mylogger - INFO - All messages produced to Kafka.
2024-12-30 22:43:25,262 - mylogger - INFO - Started executing the main ...
2024-12-30 22:43:25,301 - mylogger - INFO - All messages produced to Kafka.
2024-12-30 22:47:16,135 - mylogger - INFO - Started executing the main ...
2024-12-30 22:47:20,043 - mylogger - INFO - Started executing the main ...
2024-12-30 22:47:48,428 - mylogger - INFO - Started executing the main ...
2024-12-30 22:47:48,515 - mylogger - INFO - Produced message for report: stockrecon 
2024-12-30 22:47:48,634 - mylogger - INFO - All messages produced to Kafka.
2024-12-30 22:47:48,663 - mylogger - INFO - Consumed message: stockrecon 
2024-12-30 23:07:50,057 - mylogger - INFO - Started executing the main ...
2024-12-30 23:07:50,173 - mylogger - INFO - All messages produced to Kafka.
2024-12-30 23:11:03,957 - mylogger - INFO - Started executing the main ...
2024-12-30 23:13:07,855 - mylogger - INFO - Started executing the main ...
2024-12-30 23:13:07,908 - mylogger - INFO - Produced message for report: stockrecon 
2024-12-30 23:13:07,970 - mylogger - INFO - All messages produced to Kafka.
2024-12-30 23:13:07,984 - mylogger - INFO - Consumed message: {'_id': '676a87d16bc94ae91ed2f0bf', 'instance_name': '3ddssdf', 'report_time': '23:13', 'frequency': ['monday', 'tuesday', 'wednesday', 'thrusday', 'friday', 'saturday', 'sunday'], 'report_name': 'stockrecon ', 'query': 'select * from stock where 1=1', 'outbound_service_name': 'saas', 'isEnabled': True, 'user_id': '67549b8332de59c855059f50'}
